2024-01-26 18:43:39.783 [info] Started initializing default profile extensions in extensions installation folder. file:///home/paul/.vscode/extensions
2024-01-26 18:43:40.071 [error] [uncaught exception in sharedProcess]: Error: ENOENT: no such file or directory, stat '/home/paul/.vscode/extensions/extensions.json.vsctmp': EntryNotFound (FileSystemError): Error: ENOENT: no such file or directory, stat '/home/paul/.vscode/extensions/extensions.json.vsctmp'
    at r.create (/snap/code/149/usr/share/code/resources/app/out/vs/code/node/sharedProcess/sharedProcessMain.js:51:30056)
    at a (/snap/code/149/usr/share/code/resources/app/out/vs/code/node/sharedProcess/sharedProcessMain.js:51:30170)
    at s.fb (/snap/code/149/usr/share/code/resources/app/out/vs/code/node/sharedProcess/sharedProcessMain.js:56:36175)
    at s.stat (/snap/code/149/usr/share/code/resources/app/out/vs/code/node/sharedProcess/sharedProcessMain.js:56:28621)
    at async E.stat (/snap/code/149/usr/share/code/resources/app/out/vs/code/node/sharedProcess/sharedProcessMain.js:56:15732)
    at async Y.tb (/snap/code/149/usr/share/code/resources/app/out/vs/code/node/sharedProcess/sharedProcessMain.js:100:111319)
2024-01-26 18:43:40.094 [warning] Failed to create default profile extensions manifest in extensions installation folder. file:///home/paul/.vscode/extensions Unable to create file 'vscode-userdata:/home/paul/.vscode/extensions/extensions.json' that already exists when overwrite flag is not set
2024-01-26 18:43:40.094 [info] Completed initializing default profile extensions in extensions installation folder. file:///home/paul/.vscode/extensions
2024-01-26 18:44:27.352 [info] Getting Manifest... github.github-vscode-theme
2024-01-26 18:44:27.367 [info] Installing extension: github.github-vscode-theme
2024-01-26 18:44:29.642 [info] Extension signature is verified: github.github-vscode-theme
2024-01-26 18:44:29.679 [info] Extracted extension to file:///home/paul/.vscode/extensions/github.github-vscode-theme-6.3.4: github.github-vscode-theme
2024-01-26 18:44:29.702 [info] Renamed to /home/paul/.vscode/extensions/github.github-vscode-theme-6.3.4
2024-01-26 18:44:29.704 [info] Extracting extension completed. github.github-vscode-theme
2024-01-26 18:44:29.718 [info] Extension installed successfully: github.github-vscode-theme
2024-01-26 18:44:29.788 [error] [uncaught exception in sharedProcess]: Error: ENOENT: no such file or directory, stat '/home/paul/.vscode/extensions/extensions.json.vsctmp': EntryNotFound (FileSystemError): Error: ENOENT: no such file or directory, stat '/home/paul/.vscode/extensions/extensions.json.vsctmp'
    at r.create (/snap/code/149/usr/share/code/resources/app/out/vs/code/node/sharedProcess/sharedProcessMain.js:51:30056)
    at a (/snap/code/149/usr/share/code/resources/app/out/vs/code/node/sharedProcess/sharedProcessMain.js:51:30170)
    at s.fb (/snap/code/149/usr/share/code/resources/app/out/vs/code/node/sharedProcess/sharedProcessMain.js:56:36175)
    at s.stat (/snap/code/149/usr/share/code/resources/app/out/vs/code/node/sharedProcess/sharedProcessMain.js:56:28621)
    at async E.stat (/snap/code/149/usr/share/code/resources/app/out/vs/code/node/sharedProcess/sharedProcessMain.js:56:15732)
    at async Y.tb (/snap/code/149/usr/share/code/resources/app/out/vs/code/node/sharedProcess/sharedProcessMain.js:100:111319)
2024-01-26 18:45:12.655 [info] Getting Manifest... maattdd.gitless
2024-01-26 18:45:12.671 [info] Installing extension: maattdd.gitless
2024-01-26 18:45:15.674 [info] Extension signature is verified: maattdd.gitless
2024-01-26 18:45:16.193 [info] Extracted extension to file:///home/paul/.vscode/extensions/maattdd.gitless-11.7.2: maattdd.gitless
2024-01-26 18:45:16.235 [info] Renamed to /home/paul/.vscode/extensions/maattdd.gitless-11.7.2
2024-01-26 18:45:16.251 [info] Extracting extension completed. maattdd.gitless
2024-01-26 18:45:16.292 [info] Extension installed successfully: maattdd.gitless
2024-01-26 18:45:16.386 [error] [uncaught exception in sharedProcess]: Error: ENOENT: no such file or directory, stat '/home/paul/.vscode/extensions/extensions.json.vsctmp': EntryNotFound (FileSystemError): Error: ENOENT: no such file or directory, stat '/home/paul/.vscode/extensions/extensions.json.vsctmp'
    at r.create (/snap/code/149/usr/share/code/resources/app/out/vs/code/node/sharedProcess/sharedProcessMain.js:51:30056)
    at a (/snap/code/149/usr/share/code/resources/app/out/vs/code/node/sharedProcess/sharedProcessMain.js:51:30170)
    at s.fb (/snap/code/149/usr/share/code/resources/app/out/vs/code/node/sharedProcess/sharedProcessMain.js:56:36175)
    at s.stat (/snap/code/149/usr/share/code/resources/app/out/vs/code/node/sharedProcess/sharedProcessMain.js:56:28621)
    at async E.stat (/snap/code/149/usr/share/code/resources/app/out/vs/code/node/sharedProcess/sharedProcessMain.js:56:15732)
    at async Y.tb (/snap/code/149/usr/share/code/resources/app/out/vs/code/node/sharedProcess/sharedProcessMain.js:100:111319)
2024-01-26 18:45:26.385 [info] Getting Manifest... pkief.material-icon-theme
2024-01-26 18:45:26.394 [info] Installing extension: pkief.material-icon-theme
2024-01-26 18:45:28.372 [info] Extension signature is verified: pkief.material-icon-theme
2024-01-26 18:45:29.068 [info] Extracted extension to file:///home/paul/.vscode/extensions/pkief.material-icon-theme-4.33.0: pkief.material-icon-theme
2024-01-26 18:45:29.097 [info] Renamed to /home/paul/.vscode/extensions/pkief.material-icon-theme-4.33.0
2024-01-26 18:45:29.111 [info] Extracting extension completed. pkief.material-icon-theme
2024-01-26 18:45:29.151 [info] Extension installed successfully: pkief.material-icon-theme
2024-01-26 18:45:29.216 [error] [uncaught exception in sharedProcess]: Error: ENOENT: no such file or directory, stat '/home/paul/.vscode/extensions/extensions.json.vsctmp': EntryNotFound (FileSystemError): Error: ENOENT: no such file or directory, stat '/home/paul/.vscode/extensions/extensions.json.vsctmp'
    at r.create (/snap/code/149/usr/share/code/resources/app/out/vs/code/node/sharedProcess/sharedProcessMain.js:51:30056)
    at a (/snap/code/149/usr/share/code/resources/app/out/vs/code/node/sharedProcess/sharedProcessMain.js:51:30170)
    at s.fb (/snap/code/149/usr/share/code/resources/app/out/vs/code/node/sharedProcess/sharedProcessMain.js:56:36175)
    at s.stat (/snap/code/149/usr/share/code/resources/app/out/vs/code/node/sharedProcess/sharedProcessMain.js:56:28621)
    at async E.stat (/snap/code/149/usr/share/code/resources/app/out/vs/code/node/sharedProcess/sharedProcessMain.js:56:15732)
    at async Y.tb (/snap/code/149/usr/share/code/resources/app/out/vs/code/node/sharedProcess/sharedProcessMain.js:100:111319)
