2024-01-26 18:43:39.056 [info] Added views:workbench.panel.markers.view in workbench.panel.markers
2024-01-26 18:43:39.056 [info] Added views:workbench.panel.output in workbench.panel.output
2024-01-26 18:43:39.056 [info] Added views:terminal in terminal
2024-01-26 18:43:39.056 [info] Added views:outline in workbench.view.explorer
2024-01-26 18:43:39.056 [info] Added views:workbench.scm in workbench.view.scm
2024-01-26 18:43:39.056 [info] Added views:workbench.view.search in workbench.view.search
2024-01-26 18:43:39.056 [info] Added views:timeline in workbench.view.explorer
2024-01-26 18:43:39.056 [info] Added views:workbench.explorer.emptyView in workbench.view.explorer
2024-01-26 18:43:39.931 [info] Added views:workbench.debug.variablesView,workbench.debug.watchExpressionsView,workbench.debug.callStackView,workbench.debug.breakPointsView in workbench.view.debug
2024-01-26 18:43:40.480 [info] Added views:~remote.forwardedPorts in ~remote.forwardedPortsContainer
2024-01-26 18:43:40.645 [info] Added views:workbench.panel.repl.view in workbench.panel.repl
2024-01-26 18:43:40.645 [info] Removed views:workbench.debug.breakPointsView,workbench.debug.callStackView,workbench.debug.watchExpressionsView,workbench.debug.variablesView from workbench.view.debug
2024-01-26 18:43:40.645 [info] Added views:workbench.debug.welcome in workbench.view.debug
2024-01-26 18:44:18.501 [info] Added views:workbench.views.extensions.installed,workbench.views.extensions.popular,extensions.recommendedList in workbench.view.extensions
2024-01-26 18:44:18.503 [info] Removed views:workbench.views.extensions.popular from workbench.view.extensions
2024-01-26 18:44:18.907 [info] Added views:workbench.views.extensions.popular in workbench.view.extensions
2024-01-26 18:44:20.692 [info] Removed views:extensions.recommendedList,workbench.views.extensions.popular,workbench.views.extensions.installed from workbench.view.extensions
2024-01-26 18:44:20.705 [info] Added views:workbench.views.extensions.marketplace in workbench.view.extensions
2024-01-26 18:44:37.008 [info] Removed views:workbench.views.extensions.marketplace from workbench.view.extensions
2024-01-26 18:44:37.022 [info] Added views:workbench.views.extensions.installed,workbench.views.extensions.popular,extensions.recommendedList in workbench.view.extensions
2024-01-26 18:44:47.841 [info] Removed views:extensions.recommendedList,workbench.views.extensions.popular,workbench.views.extensions.installed from workbench.view.extensions
2024-01-26 18:44:47.851 [info] Added views:workbench.views.extensions.marketplace in workbench.view.extensions
2024-01-26 18:45:15.470 [info] Removed views:workbench.views.extensions.marketplace from workbench.view.extensions
2024-01-26 18:45:15.488 [info] Added views:workbench.views.extensions.installed,workbench.views.extensions.popular,extensions.recommendedList in workbench.view.extensions
2024-01-26 18:45:16.519 [info] Added views:gitlens.views.commits,gitlens.views.fileHistory,gitlens.views.branches,gitlens.views.remotes,gitlens.views.stashes,gitlens.views.tags,gitlens.views.searchAndCompare in workbench.view.scm
2024-01-26 18:45:16.781 [info] Added views:gitlens.views.welcome in workbench.view.extension.gitlens
2024-01-26 18:45:16.812 [info] Removed views:gitlens.views.searchAndCompare,gitlens.views.tags,gitlens.views.stashes,gitlens.views.remotes,gitlens.views.branches,gitlens.views.fileHistory,gitlens.views.commits from workbench.view.scm
2024-01-26 18:45:20.112 [info] Removed views:extensions.recommendedList,workbench.views.extensions.popular,workbench.views.extensions.installed from workbench.view.extensions
2024-01-26 18:45:20.119 [info] Added views:workbench.views.extensions.marketplace in workbench.view.extensions
