2024-02-10 23:28:35.646 [info] Extension host with pid 6436 started
2024-02-10 23:28:35.664 [info] ExtensionService#_doActivateExtension vscode.git-base, startup: true, activationEvent: '*', root cause: vscode.git
2024-02-10 23:28:35.675 [info] ExtensionService#_doActivateExtension vscode.git, startup: true, activationEvent: '*'
2024-02-10 23:28:35.744 [info] ExtensionService#_doActivateExtension vscode.github, startup: true, activationEvent: '*'
2024-02-10 23:28:35.831 [info] Eager extensions activated
2024-02-10 23:28:35.850 [info] ExtensionService#_doActivateExtension vscode.debug-auto-launch, startup: false, activationEvent: 'onStartupFinished'
2024-02-10 23:28:35.857 [info] ExtensionService#_doActivateExtension vscode.merge-conflict, startup: false, activationEvent: 'onStartupFinished'
2024-02-10 23:28:35.894 [info] ExtensionService#_doActivateExtension maattdd.gitless, startup: false, activationEvent: 'onStartupFinished'
2024-02-10 23:28:36.087 [info] ExtensionService#_doActivateExtension PKief.material-icon-theme, startup: false, activationEvent: 'onStartupFinished'
2024-02-10 23:28:56.914 [info] ExtensionService#_doActivateExtension vscode.emmet, startup: false, activationEvent: 'onLanguage'
2024-02-10 23:29:06.079 [info] ExtensionService#_doActivateExtension vscode.json-language-features, startup: false, activationEvent: 'onLanguage:jsonc'
2024-02-10 23:29:06.167 [info] ExtensionService#_doActivateExtension vscode.typescript-language-features, startup: false, activationEvent: 'onLanguage:jsonc'
2024-02-10 23:34:09.436 [info] Extension host terminating: renderer closed the MessagePort
2024-02-10 23:34:09.477 [error] Canceled: Canceled
	at new f (/snap/code/151/usr/share/code/resources/app/out/vs/workbench/api/node/extensionHostProcess.js:140:45069)
	at d.U (/snap/code/151/usr/share/code/resources/app/out/vs/workbench/api/node/extensionHostProcess.js:147:5557)
	at T.<computed>.O.charCodeAt.T.<computed> (/snap/code/151/usr/share/code/resources/app/out/vs/workbench/api/node/extensionHostProcess.js:147:3008)
	at s.g (/snap/code/151/usr/share/code/resources/app/out/vs/workbench/api/node/extensionHostProcess.js:150:174704)
	at s.executeCommand (/snap/code/151/usr/share/code/resources/app/out/vs/workbench/api/node/extensionHostProcess.js:150:174142)
	at m.registerCommand.description (/snap/code/151/usr/share/code/resources/app/out/vs/workbench/api/node/extensionHostProcess.js:150:173466)
	at s.h (/snap/code/151/usr/share/code/resources/app/out/vs/workbench/api/node/extensionHostProcess.js:150:175243)
	at s.g (/snap/code/151/usr/share/code/resources/app/out/vs/workbench/api/node/extensionHostProcess.js:150:174235)
	at s.executeCommand (/snap/code/151/usr/share/code/resources/app/out/vs/workbench/api/node/extensionHostProcess.js:150:174142)
	at Object.executeCommand (/snap/code/151/usr/share/code/resources/app/out/vs/workbench/api/node/extensionHostProcess.js:160:21634)
	at setContext (/home/paul/.vscode/extensions/maattdd.gitless-11.7.2/dist/gitlens.js:11:222816)
	at Z._updateContextKeys (/home/paul/.vscode/extensions/maattdd.gitless-11.7.2/dist/gitlens.js:1:13389)
	at onChanged (/home/paul/.vscode/extensions/maattdd.gitless-11.7.2/dist/gitlens.js:1:11745)
	at V.unregister (/home/paul/.vscode/extensions/maattdd.gitless-11.7.2/dist/gitlens.js:1:11884)
	at V.dispose (/home/paul/.vscode/extensions/maattdd.gitless-11.7.2/dist/gitlens.js:1:10610)
	at Z.dispose (/home/paul/.vscode/extensions/maattdd.gitless-11.7.2/dist/gitlens.js:1:11438)
	at o (/snap/code/151/usr/share/code/resources/app/out/vs/workbench/api/node/extensionHostProcess.js:30:754)
	at g.cb (/snap/code/151/usr/share/code/resources/app/out/vs/workbench/api/node/extensionHostProcess.js:156:9874)
	at /snap/code/151/usr/share/code/resources/app/out/vs/workbench/api/node/extensionHostProcess.js:156:7808
	at Array.map (<anonymous>)
	at g.Y (/snap/code/151/usr/share/code/resources/app/out/vs/workbench/api/node/extensionHostProcess.js:156:7795)
	at g.terminate (/snap/code/151/usr/share/code/resources/app/out/vs/workbench/api/node/extensionHostProcess.js:156:8068)
	at o.terminate (/snap/code/151/usr/share/code/resources/app/out/vs/workbench/api/node/extensionHostProcess.js:160:1513)
	at t (/snap/code/151/usr/share/code/resources/app/out/vs/workbench/api/node/extensionHostProcess.js:173:9950)
	at MessagePortMain.<anonymous> (/snap/code/151/usr/share/code/resources/app/out/vs/workbench/api/node/extensionHostProcess.js:173:6375)
	at MessagePortMain.emit (node:events:514:28)
	at Object.emit (node:electron/js2c/utility_init:2:2285) setContext undefined
2024-02-10 23:34:09.477 [error] Canceled: Canceled
	at new f (/snap/code/151/usr/share/code/resources/app/out/vs/workbench/api/node/extensionHostProcess.js:140:45069)
	at d.U (/snap/code/151/usr/share/code/resources/app/out/vs/workbench/api/node/extensionHostProcess.js:147:5557)
	at T.<computed>.O.charCodeAt.T.<computed> (/snap/code/151/usr/share/code/resources/app/out/vs/workbench/api/node/extensionHostProcess.js:147:3008)
	at s.g (/snap/code/151/usr/share/code/resources/app/out/vs/workbench/api/node/extensionHostProcess.js:150:174704)
	at s.executeCommand (/snap/code/151/usr/share/code/resources/app/out/vs/workbench/api/node/extensionHostProcess.js:150:174142)
	at m.registerCommand.description (/snap/code/151/usr/share/code/resources/app/out/vs/workbench/api/node/extensionHostProcess.js:150:173466)
	at s.h (/snap/code/151/usr/share/code/resources/app/out/vs/workbench/api/node/extensionHostProcess.js:150:175243)
	at s.g (/snap/code/151/usr/share/code/resources/app/out/vs/workbench/api/node/extensionHostProcess.js:150:174235)
	at s.executeCommand (/snap/code/151/usr/share/code/resources/app/out/vs/workbench/api/node/extensionHostProcess.js:150:174142)
	at Object.executeCommand (/snap/code/151/usr/share/code/resources/app/out/vs/workbench/api/node/extensionHostProcess.js:160:21634)
	at setContext (/home/paul/.vscode/extensions/maattdd.gitless-11.7.2/dist/gitlens.js:11:222816)
	at Z._updateContextKeys (/home/paul/.vscode/extensions/maattdd.gitless-11.7.2/dist/gitlens.js:1:13389)
	at onChanged (/home/paul/.vscode/extensions/maattdd.gitless-11.7.2/dist/gitlens.js:1:11745)
	at V.unregister (/home/paul/.vscode/extensions/maattdd.gitless-11.7.2/dist/gitlens.js:1:11884)
	at V.dispose (/home/paul/.vscode/extensions/maattdd.gitless-11.7.2/dist/gitlens.js:1:10610)
	at Z.dispose (/home/paul/.vscode/extensions/maattdd.gitless-11.7.2/dist/gitlens.js:1:11438)
	at o (/snap/code/151/usr/share/code/resources/app/out/vs/workbench/api/node/extensionHostProcess.js:30:754)
	at g.cb (/snap/code/151/usr/share/code/resources/app/out/vs/workbench/api/node/extensionHostProcess.js:156:9874)
	at /snap/code/151/usr/share/code/resources/app/out/vs/workbench/api/node/extensionHostProcess.js:156:7808
	at Array.map (<anonymous>)
	at g.Y (/snap/code/151/usr/share/code/resources/app/out/vs/workbench/api/node/extensionHostProcess.js:156:7795)
	at g.terminate (/snap/code/151/usr/share/code/resources/app/out/vs/workbench/api/node/extensionHostProcess.js:156:8068)
	at o.terminate (/snap/code/151/usr/share/code/resources/app/out/vs/workbench/api/node/extensionHostProcess.js:160:1513)
	at t (/snap/code/151/usr/share/code/resources/app/out/vs/workbench/api/node/extensionHostProcess.js:173:9950)
	at MessagePortMain.<anonymous> (/snap/code/151/usr/share/code/resources/app/out/vs/workbench/api/node/extensionHostProcess.js:173:6375)
	at MessagePortMain.emit (node:events:514:28)
	at Object.emit (node:electron/js2c/utility_init:2:2285) setContext undefined
2024-02-10 23:34:09.477 [error] Canceled: Canceled
	at new f (/snap/code/151/usr/share/code/resources/app/out/vs/workbench/api/node/extensionHostProcess.js:140:45069)
	at d.U (/snap/code/151/usr/share/code/resources/app/out/vs/workbench/api/node/extensionHostProcess.js:147:5557)
	at T.<computed>.O.charCodeAt.T.<computed> (/snap/code/151/usr/share/code/resources/app/out/vs/workbench/api/node/extensionHostProcess.js:147:3008)
	at s.g (/snap/code/151/usr/share/code/resources/app/out/vs/workbench/api/node/extensionHostProcess.js:150:174704)
	at s.executeCommand (/snap/code/151/usr/share/code/resources/app/out/vs/workbench/api/node/extensionHostProcess.js:150:174142)
	at m.registerCommand.description (/snap/code/151/usr/share/code/resources/app/out/vs/workbench/api/node/extensionHostProcess.js:150:173466)
	at s.h (/snap/code/151/usr/share/code/resources/app/out/vs/workbench/api/node/extensionHostProcess.js:150:175243)
	at s.g (/snap/code/151/usr/share/code/resources/app/out/vs/workbench/api/node/extensionHostProcess.js:150:174235)
	at s.executeCommand (/snap/code/151/usr/share/code/resources/app/out/vs/workbench/api/node/extensionHostProcess.js:150:174142)
	at Object.executeCommand (/snap/code/151/usr/share/code/resources/app/out/vs/workbench/api/node/extensionHostProcess.js:160:21634)
	at setContext (/home/paul/.vscode/extensions/maattdd.gitless-11.7.2/dist/gitlens.js:11:222816)
	at Z._updateContextKeys (/home/paul/.vscode/extensions/maattdd.gitless-11.7.2/dist/gitlens.js:1:13389)
	at onChanged (/home/paul/.vscode/extensions/maattdd.gitless-11.7.2/dist/gitlens.js:1:11745)
	at V.unregister (/home/paul/.vscode/extensions/maattdd.gitless-11.7.2/dist/gitlens.js:1:11884)
	at V.dispose (/home/paul/.vscode/extensions/maattdd.gitless-11.7.2/dist/gitlens.js:1:10610)
	at Z.dispose (/home/paul/.vscode/extensions/maattdd.gitless-11.7.2/dist/gitlens.js:1:11438)
	at o (/snap/code/151/usr/share/code/resources/app/out/vs/workbench/api/node/extensionHostProcess.js:30:754)
	at g.cb (/snap/code/151/usr/share/code/resources/app/out/vs/workbench/api/node/extensionHostProcess.js:156:9874)
	at /snap/code/151/usr/share/code/resources/app/out/vs/workbench/api/node/extensionHostProcess.js:156:7808
	at Array.map (<anonymous>)
	at g.Y (/snap/code/151/usr/share/code/resources/app/out/vs/workbench/api/node/extensionHostProcess.js:156:7795)
	at g.terminate (/snap/code/151/usr/share/code/resources/app/out/vs/workbench/api/node/extensionHostProcess.js:156:8068)
	at o.terminate (/snap/code/151/usr/share/code/resources/app/out/vs/workbench/api/node/extensionHostProcess.js:160:1513)
	at t (/snap/code/151/usr/share/code/resources/app/out/vs/workbench/api/node/extensionHostProcess.js:173:9950)
	at MessagePortMain.<anonymous> (/snap/code/151/usr/share/code/resources/app/out/vs/workbench/api/node/extensionHostProcess.js:173:6375)
	at MessagePortMain.emit (node:events:514:28)
	at Object.emit (node:electron/js2c/utility_init:2:2285) setContext undefined
2024-02-10 23:34:09.478 [error] Canceled: Canceled
	at new f (/snap/code/151/usr/share/code/resources/app/out/vs/workbench/api/node/extensionHostProcess.js:140:45069)
	at d.U (/snap/code/151/usr/share/code/resources/app/out/vs/workbench/api/node/extensionHostProcess.js:147:5557)
	at T.<computed>.O.charCodeAt.T.<computed> (/snap/code/151/usr/share/code/resources/app/out/vs/workbench/api/node/extensionHostProcess.js:147:3008)
	at s.g (/snap/code/151/usr/share/code/resources/app/out/vs/workbench/api/node/extensionHostProcess.js:150:174704)
	at s.executeCommand (/snap/code/151/usr/share/code/resources/app/out/vs/workbench/api/node/extensionHostProcess.js:150:174142)
	at m.registerCommand.description (/snap/code/151/usr/share/code/resources/app/out/vs/workbench/api/node/extensionHostProcess.js:150:173466)
	at s.h (/snap/code/151/usr/share/code/resources/app/out/vs/workbench/api/node/extensionHostProcess.js:150:175243)
	at s.g (/snap/code/151/usr/share/code/resources/app/out/vs/workbench/api/node/extensionHostProcess.js:150:174235)
	at s.executeCommand (/snap/code/151/usr/share/code/resources/app/out/vs/workbench/api/node/extensionHostProcess.js:150:174142)
	at Object.executeCommand (/snap/code/151/usr/share/code/resources/app/out/vs/workbench/api/node/extensionHostProcess.js:160:21634)
	at setContext (/home/paul/.vscode/extensions/maattdd.gitless-11.7.2/dist/gitlens.js:11:222816)
	at Z._updateContextKeys (/home/paul/.vscode/extensions/maattdd.gitless-11.7.2/dist/gitlens.js:1:13389)
	at onChanged (/home/paul/.vscode/extensions/maattdd.gitless-11.7.2/dist/gitlens.js:1:11745)
	at V.unregister (/home/paul/.vscode/extensions/maattdd.gitless-11.7.2/dist/gitlens.js:1:11884)
	at V.dispose (/home/paul/.vscode/extensions/maattdd.gitless-11.7.2/dist/gitlens.js:1:10610)
	at Object.dispose (/home/paul/.vscode/extensions/maattdd.gitless-11.7.2/dist/gitlens.js:1:11988)
	at o (/snap/code/151/usr/share/code/resources/app/out/vs/workbench/api/node/extensionHostProcess.js:30:754)
	at g.cb (/snap/code/151/usr/share/code/resources/app/out/vs/workbench/api/node/extensionHostProcess.js:156:9874)
	at /snap/code/151/usr/share/code/resources/app/out/vs/workbench/api/node/extensionHostProcess.js:156:7808
	at Array.map (<anonymous>)
	at g.Y (/snap/code/151/usr/share/code/resources/app/out/vs/workbench/api/node/extensionHostProcess.js:156:7795)
	at g.terminate (/snap/code/151/usr/share/code/resources/app/out/vs/workbench/api/node/extensionHostProcess.js:156:8068)
	at o.terminate (/snap/code/151/usr/share/code/resources/app/out/vs/workbench/api/node/extensionHostProcess.js:160:1513)
	at t (/snap/code/151/usr/share/code/resources/app/out/vs/workbench/api/node/extensionHostProcess.js:173:9950)
	at MessagePortMain.<anonymous> (/snap/code/151/usr/share/code/resources/app/out/vs/workbench/api/node/extensionHostProcess.js:173:6375)
	at MessagePortMain.emit (node:events:514:28)
	at Object.emit (node:electron/js2c/utility_init:2:2285) setContext undefined
2024-02-10 23:34:09.478 [error] Canceled: Canceled
	at new f (/snap/code/151/usr/share/code/resources/app/out/vs/workbench/api/node/extensionHostProcess.js:140:45069)
	at d.U (/snap/code/151/usr/share/code/resources/app/out/vs/workbench/api/node/extensionHostProcess.js:147:5557)
	at T.<computed>.O.charCodeAt.T.<computed> (/snap/code/151/usr/share/code/resources/app/out/vs/workbench/api/node/extensionHostProcess.js:147:3008)
	at s.g (/snap/code/151/usr/share/code/resources/app/out/vs/workbench/api/node/extensionHostProcess.js:150:174704)
	at s.executeCommand (/snap/code/151/usr/share/code/resources/app/out/vs/workbench/api/node/extensionHostProcess.js:150:174142)
	at m.registerCommand.description (/snap/code/151/usr/share/code/resources/app/out/vs/workbench/api/node/extensionHostProcess.js:150:173466)
	at s.h (/snap/code/151/usr/share/code/resources/app/out/vs/workbench/api/node/extensionHostProcess.js:150:175243)
	at s.g (/snap/code/151/usr/share/code/resources/app/out/vs/workbench/api/node/extensionHostProcess.js:150:174235)
	at s.executeCommand (/snap/code/151/usr/share/code/resources/app/out/vs/workbench/api/node/extensionHostProcess.js:150:174142)
	at Object.executeCommand (/snap/code/151/usr/share/code/resources/app/out/vs/workbench/api/node/extensionHostProcess.js:160:21634)
	at setContext (/home/paul/.vscode/extensions/maattdd.gitless-11.7.2/dist/gitlens.js:11:222816)
	at Z._updateContextKeys (/home/paul/.vscode/extensions/maattdd.gitless-11.7.2/dist/gitlens.js:1:13389)
	at onChanged (/home/paul/.vscode/extensions/maattdd.gitless-11.7.2/dist/gitlens.js:1:11745)
	at V.unregister (/home/paul/.vscode/extensions/maattdd.gitless-11.7.2/dist/gitlens.js:1:11884)
	at V.dispose (/home/paul/.vscode/extensions/maattdd.gitless-11.7.2/dist/gitlens.js:1:10610)
	at Object.dispose (/home/paul/.vscode/extensions/maattdd.gitless-11.7.2/dist/gitlens.js:1:11988)
	at o (/snap/code/151/usr/share/code/resources/app/out/vs/workbench/api/node/extensionHostProcess.js:30:754)
	at g.cb (/snap/code/151/usr/share/code/resources/app/out/vs/workbench/api/node/extensionHostProcess.js:156:9874)
	at /snap/code/151/usr/share/code/resources/app/out/vs/workbench/api/node/extensionHostProcess.js:156:7808
	at Array.map (<anonymous>)
	at g.Y (/snap/code/151/usr/share/code/resources/app/out/vs/workbench/api/node/extensionHostProcess.js:156:7795)
	at g.terminate (/snap/code/151/usr/share/code/resources/app/out/vs/workbench/api/node/extensionHostProcess.js:156:8068)
	at o.terminate (/snap/code/151/usr/share/code/resources/app/out/vs/workbench/api/node/extensionHostProcess.js:160:1513)
	at t (/snap/code/151/usr/share/code/resources/app/out/vs/workbench/api/node/extensionHostProcess.js:173:9950)
	at MessagePortMain.<anonymous> (/snap/code/151/usr/share/code/resources/app/out/vs/workbench/api/node/extensionHostProcess.js:173:6375)
	at MessagePortMain.emit (node:events:514:28)
	at Object.emit (node:electron/js2c/utility_init:2:2285) setContext undefined
2024-02-10 23:34:09.479 [error] Canceled: Canceled
	at new f (/snap/code/151/usr/share/code/resources/app/out/vs/workbench/api/node/extensionHostProcess.js:140:45069)
	at d.U (/snap/code/151/usr/share/code/resources/app/out/vs/workbench/api/node/extensionHostProcess.js:147:5557)
	at T.<computed>.O.charCodeAt.T.<computed> (/snap/code/151/usr/share/code/resources/app/out/vs/workbench/api/node/extensionHostProcess.js:147:3008)
	at s.g (/snap/code/151/usr/share/code/resources/app/out/vs/workbench/api/node/extensionHostProcess.js:150:174704)
	at s.executeCommand (/snap/code/151/usr/share/code/resources/app/out/vs/workbench/api/node/extensionHostProcess.js:150:174142)
	at m.registerCommand.description (/snap/code/151/usr/share/code/resources/app/out/vs/workbench/api/node/extensionHostProcess.js:150:173466)
	at s.h (/snap/code/151/usr/share/code/resources/app/out/vs/workbench/api/node/extensionHostProcess.js:150:175243)
	at s.g (/snap/code/151/usr/share/code/resources/app/out/vs/workbench/api/node/extensionHostProcess.js:150:174235)
	at s.executeCommand (/snap/code/151/usr/share/code/resources/app/out/vs/workbench/api/node/extensionHostProcess.js:150:174142)
	at Object.executeCommand (/snap/code/151/usr/share/code/resources/app/out/vs/workbench/api/node/extensionHostProcess.js:160:21634)
	at setContext (/home/paul/.vscode/extensions/maattdd.gitless-11.7.2/dist/gitlens.js:11:222816)
	at Z._updateContextKeys (/home/paul/.vscode/extensions/maattdd.gitless-11.7.2/dist/gitlens.js:1:13389)
	at onChanged (/home/paul/.vscode/extensions/maattdd.gitless-11.7.2/dist/gitlens.js:1:11745)
	at V.unregister (/home/paul/.vscode/extensions/maattdd.gitless-11.7.2/dist/gitlens.js:1:11884)
	at V.dispose (/home/paul/.vscode/extensions/maattdd.gitless-11.7.2/dist/gitlens.js:1:10610)
	at Object.dispose (/home/paul/.vscode/extensions/maattdd.gitless-11.7.2/dist/gitlens.js:1:11988)
	at o (/snap/code/151/usr/share/code/resources/app/out/vs/workbench/api/node/extensionHostProcess.js:30:754)
	at g.cb (/snap/code/151/usr/share/code/resources/app/out/vs/workbench/api/node/extensionHostProcess.js:156:9874)
	at /snap/code/151/usr/share/code/resources/app/out/vs/workbench/api/node/extensionHostProcess.js:156:7808
	at Array.map (<anonymous>)
	at g.Y (/snap/code/151/usr/share/code/resources/app/out/vs/workbench/api/node/extensionHostProcess.js:156:7795)
	at g.terminate (/snap/code/151/usr/share/code/resources/app/out/vs/workbench/api/node/extensionHostProcess.js:156:8068)
	at o.terminate (/snap/code/151/usr/share/code/resources/app/out/vs/workbench/api/node/extensionHostProcess.js:160:1513)
	at t (/snap/code/151/usr/share/code/resources/app/out/vs/workbench/api/node/extensionHostProcess.js:173:9950)
	at MessagePortMain.<anonymous> (/snap/code/151/usr/share/code/resources/app/out/vs/workbench/api/node/extensionHostProcess.js:173:6375)
	at MessagePortMain.emit (node:events:514:28)
	at Object.emit (node:electron/js2c/utility_init:2:2285) setContext undefined
2024-02-10 23:34:09.487 [info] Extension host with pid 6436 exiting with code 0
